Arguments: 
  C:\Program Files\nodejs\node.exe C:\Users\RUSHIKESH\AppData\Roaming\npm\node_modules\yarn\bin\yarn.js add express

PATH: 
  C:\ProgramData\Anaconda3;C:\ProgramData\Anaconda3\Library\mingw-w64\bin;C:\ProgramData\Anaconda3\Library\usr\bin;C:\ProgramData\Anaconda3\Library\bin;C:\ProgramData\Anaconda3\Scripts;C:\Python3.8\Scripts\;C:\Python3.8\;C:\windows\system32;C:\windows;C:\windows\System32\Wbem;C:\windows\System32\WindowsPowerShell\v1.0\;C:\windows\System32\OpenSSH\;C:\Program Files\nodejs\;C:\ProgramData\chocolatey\bin;C:\Program Files\Git\cmd;C:\Program Files\Git\mingw64\bin;C:\Program Files\Git\usr\bin;C:\Program Files\swipl\bin;C:\xampp\php;C:\ProgramData\ComposerSetup\bin;C:\Program Files\Java\jdk-14\bin;C:\Users\RUSHIKESH\AppData\Local\Programs\Microsoft VS Code\bin;C:\Users\RUSHIKESH\AppData\Roaming\npm;C:\Users\RUSHIKESH\AppData\Local\Programs\Python\Python38;C:\Program Files\MongoDB\Server\4.4\bin;C:\Users\RUSHIKESH\AppData\Roaming\Composer\vendor\bin

Yarn version: 
  1.22.10

Node version: 
  12.18.2

Platform: 
  win32 x64

Trace: 
  Error: getaddrinfo ENOTFOUND registry.yarnpkg.com
      at GetAddrInfoReqWrap.onlookup [as oncomplete] (dns.js:66:26)

npm manifest: 
  {
    "name": "realtime-pizza",
    "version": "1.0.0",
    "description": "This is our pizza app",
    "main": "index.js",
    "author": "Rushikesh",
    "license": "MIT"
  }

yarn manifest: 
  No manifest

Lockfile: 
  No lockfile
